2014-11-15 20:05:10,715 INFO app.py:13 Starting Server...
2014-11-15 20:05:18,721 INFO product_api.py:29 Recieved GET request for product ID: abcd42422
2014-11-15 20:05:18,721 INFO db_cache_mixin.py:36 Fetching DB for product ID: abcd42422.
2014-11-15 20:05:18,725 ERROR product_api.py:34 No data found with product ID abcd42422.
2014-11-15 20:05:27,960 INFO product_api.py:52 Recieved POST request for product ID: abcd42422
2014-11-15 20:06:06,920 INFO app.py:13 Starting Server...
2014-11-15 20:06:10,527 INFO product_api.py:52 Recieved POST request for product ID: abcd42422
2014-11-15 20:06:17,439 INFO product_api.py:29 Recieved GET request for product ID: abcd42422
2014-11-15 20:06:17,440 INFO db_cache_mixin.py:36 Fetching DB for product ID: abcd42422.
2014-11-15 20:06:17,444 ERROR product_api.py:34 No data found with product ID abcd42422.
2014-11-17 14:12:52,477 INFO product_api.py:29 Recieved GET request for product ID: abcd42422
2014-11-17 14:12:52,478 INFO db_cache_mixin.py:36 Fetching DB for product ID: abcd42422.
2014-11-17 14:12:52,486 ERROR product_api.py:34 No data found with product ID abcd42422.
2014-11-17 14:13:32,011 INFO product_api.py:52 Recieved POST request for product ID: abcd42422
2014-11-17 14:13:32,012 INFO db_cache_mixin.py:55 Inserting product with ID abcd42422 in to DB.
2014-11-17 14:13:35,159 INFO product_api.py:29 Recieved GET request for product ID: abcd42422
2014-11-17 14:13:35,160 INFO db_cache_mixin.py:36 Fetching DB for product ID: abcd42422.
2014-11-17 14:13:40,412 INFO product_api.py:29 Recieved GET request for product ID: abcd42422
2014-11-17 14:13:50,873 INFO product_api.py:52 Recieved POST request for product ID: abcd42422
2014-11-17 14:13:50,874 INFO db_cache_mixin.py:55 Inserting product with ID abcd42422 in to DB.
2014-11-17 14:13:55,844 INFO product_api.py:29 Recieved GET request for product ID: abcd42422
2014-11-17 14:13:59,277 INFO product_api.py:29 Recieved GET request for product ID: abcd42422
2014-11-17 14:14:00,778 INFO product_api.py:29 Recieved GET request for product ID: abcd42422
2014-11-17 14:15:04,769 INFO product_api.py:29 Recieved GET request for product ID: abcd42422
2014-11-17 14:15:07,629 INFO product_api.py:52 Recieved POST request for product ID: abcd42422
2014-11-17 14:15:07,629 INFO db_cache_mixin.py:55 Inserting product with ID abcd42422 in to DB.
2014-11-17 14:15:10,846 INFO product_api.py:29 Recieved GET request for product ID: abcd42422
2014-11-17 14:15:29,837 INFO app.py:13 Starting Server...
2014-11-17 14:15:32,900 INFO product_api.py:52 Recieved POST request for product ID: abcd42422
2014-11-17 14:15:32,900 INFO db_cache_mixin.py:55 Inserting product with ID abcd42422 in to DB.
2014-11-17 14:15:36,844 INFO product_api.py:29 Recieved GET request for product ID: abcd42422
2014-11-17 14:15:36,845 INFO db_cache_mixin.py:36 Fetching DB for product ID: abcd42422.
2014-11-17 14:15:42,681 INFO product_api.py:29 Recieved GET request for product ID: abcd42422
2014-11-17 14:15:50,029 INFO product_api.py:52 Recieved POST request for product ID: abcd42422
2014-11-17 14:15:50,030 INFO db_cache_mixin.py:55 Inserting product with ID abcd42422 in to DB.
2014-11-17 14:15:52,779 INFO product_api.py:29 Recieved GET request for product ID: abcd42422
2014-11-17 14:15:52,780 INFO db_cache_mixin.py:36 Fetching DB for product ID: abcd42422.
2014-11-17 14:18:58,989 INFO app.py:13 Starting Server...
2014-11-17 14:19:26,027 INFO product_api.py:29 Recieved GET request for product ID: abcd42422
2014-11-17 14:19:43,153 INFO product_api.py:29 Recieved GET request for product ID: abcd42422
2014-11-17 14:20:40,274 INFO app.py:13 Starting Server...
2014-11-17 14:20:53,165 INFO app.py:13 Starting Server...
2014-11-17 14:21:01,466 INFO app.py:13 Starting Server...
2014-11-17 14:21:19,694 INFO app.py:13 Starting Server...
2014-11-17 14:21:59,093 INFO app.py:13 Starting Server...
2014-11-17 14:23:09,552 INFO app.py:13 Starting Server...
2014-11-17 14:23:34,836 INFO product_api.py:29 Recieved GET request for product ID: abcd42422
2014-11-17 14:23:37,906 INFO product_api.py:29 Recieved GET request for product ID: abcd42422
2014-11-17 14:23:40,770 INFO product_api.py:29 Recieved GET request for product ID: abcd42422
2014-11-17 14:24:04,119 INFO app.py:13 Starting Server...
2014-11-17 14:24:04,337 INFO app.py:13 Starting Server...
2014-11-17 14:24:06,597 INFO product_api.py:29 Recieved GET request for product ID: abcd42422
2014-11-17 14:24:09,837 INFO product_api.py:29 Recieved GET request for product ID: abcd42422
2014-11-17 14:24:46,985 INFO product_api.py:29 Recieved GET request for product ID: abcd42422
2014-11-17 14:28:09,743 INFO app.py:13 Starting Server...
2014-11-17 14:28:21,103 INFO product_api.py:52 Recieved POST request for product ID: abcd42422
2014-11-17 14:28:55,235 INFO app.py:13 Starting Server...
2014-11-17 14:31:36,321 INFO app.py:13 Starting Server...
2014-11-17 14:31:49,669 INFO app.py:13 Starting Server...
2014-11-17 14:33:51,557 INFO app.py:13 Starting Server...
2014-11-17 14:33:52,793 INFO app.py:13 Starting Server...
2014-11-17 14:33:59,068 INFO app.py:13 Starting Server...
2014-11-17 14:34:24,415 INFO app.py:13 Starting Server...
2014-11-17 14:35:15,924 INFO app.py:13 Starting Server...
2014-11-17 14:35:19,187 INFO app.py:13 Starting Server...
2014-11-17 14:35:23,451 INFO app.py:13 Starting Server...
2014-11-17 14:35:35,753 INFO app.py:13 Starting Server...
2014-11-17 14:35:36,989 INFO app.py:13 Starting Server...
2014-11-17 14:35:49,287 INFO app.py:13 Starting Server...
2014-11-17 14:36:01,577 INFO app.py:13 Starting Server...
2014-11-17 14:36:04,832 INFO app.py:13 Starting Server...
2014-11-17 14:36:06,072 INFO app.py:13 Starting Server...
2014-11-17 14:36:12,346 INFO app.py:13 Starting Server...
2014-11-17 14:36:16,592 INFO app.py:13 Starting Server...
2014-11-17 14:36:49,025 INFO app.py:13 Starting Server...
2014-11-17 14:36:53,273 INFO app.py:13 Starting Server...
2014-11-17 14:37:27,701 INFO app.py:13 Starting Server...
2014-11-17 14:37:30,961 INFO app.py:13 Starting Server...
2014-11-17 14:37:35,231 INFO app.py:13 Starting Server...
2014-11-17 14:37:40,502 INFO app.py:13 Starting Server...
2014-11-17 14:37:47,791 INFO app.py:13 Starting Server...
2014-11-17 14:38:09,111 INFO app.py:13 Starting Server...
2014-11-17 14:38:13,999 INFO app.py:13 Starting Server...
2014-11-17 14:38:14,203 INFO app.py:13 Starting Server...
2014-11-17 14:38:20,370 INFO product_api.py:58 Recieved POST request for product ID: abcd42422
2014-11-17 14:38:31,777 INFO product_api.py:58 Recieved POST request for product ID: abcd42422
2014-11-17 14:38:31,777 INFO db_cache_mixin.py:55 Inserting product with ID abcd42422 in to DB.
2014-11-17 14:38:37,281 INFO product_api.py:34 Recieved GET request for product ID: abcd42422
2014-11-17 14:38:37,281 INFO db_cache_mixin.py:36 Fetching DB for product ID: abcd42422.
2014-11-17 14:38:40,571 INFO product_api.py:34 Recieved GET request for product ID: abcd424221
2014-11-17 14:38:40,572 INFO db_cache_mixin.py:36 Fetching DB for product ID: abcd424221.
2014-11-17 14:38:40,576 ERROR product_api.py:39 No data found with product ID abcd424221.
2014-11-17 14:39:58,428 INFO app.py:13 Starting Server...
2014-11-17 14:39:58,649 INFO app.py:13 Starting Server...
2014-11-17 14:40:01,055 INFO product_api.py:34 Recieved GET request for product ID: abcd424221
2014-11-17 14:40:01,056 INFO db_cache_mixin.py:36 Fetching DB for product ID: abcd424221.
2014-11-17 14:40:01,060 ERROR product_api.py:40 No data found with product ID abcd424221.
2014-11-17 14:40:05,842 INFO product_api.py:59 Recieved POST request for product ID: abcd424221
2014-11-17 14:40:05,843 ERROR product_api.py:74 Error while saving product ID abcd424221: 
2014-11-17 14:40:13,027 INFO product_api.py:34 Recieved GET request for product ID: abcd4242211
2014-11-17 14:40:13,028 INFO db_cache_mixin.py:36 Fetching DB for product ID: abcd4242211.
2014-11-17 14:40:13,032 ERROR product_api.py:40 No data found with product ID abcd4242211.
2014-11-17 14:40:17,718 INFO product_api.py:34 Recieved GET request for product ID: abcd42422
2014-11-17 14:40:17,720 ERROR product_api.py:46 Error while fetching product ID abcd42422: 
2014-11-17 14:40:25,251 INFO product_api.py:59 Recieved POST request for product ID: abcd42422
2014-11-17 14:40:25,251 ERROR product_api.py:74 Error while saving product ID abcd42422: 
2014-11-17 14:40:39,058 INFO app.py:13 Starting Server...
2014-11-17 14:40:58,406 INFO app.py:13 Starting Server...
2014-11-17 14:41:17,739 INFO app.py:13 Starting Server...
2014-11-17 14:41:41,104 INFO app.py:13 Starting Server...
2014-11-17 14:41:57,423 INFO app.py:13 Starting Server...
2014-11-17 14:42:15,773 INFO app.py:13 Starting Server...
2014-11-17 14:43:47,442 INFO app.py:13 Starting Server...
2014-11-17 14:43:51,701 INFO app.py:13 Starting Server...
2014-11-17 14:43:56,964 INFO app.py:13 Starting Server...
2014-11-17 14:43:58,224 INFO app.py:13 Starting Server...
2014-11-17 14:44:10,516 INFO app.py:13 Starting Server...
2014-11-17 14:44:11,751 INFO app.py:13 Starting Server...
2014-11-17 14:44:25,056 INFO app.py:13 Starting Server...
2014-11-17 14:44:26,321 INFO app.py:13 Starting Server...
2014-11-17 14:44:29,584 INFO app.py:13 Starting Server...
2014-11-17 14:44:30,834 INFO app.py:13 Starting Server...
2014-11-17 14:44:43,136 INFO app.py:13 Starting Server...
2014-11-17 14:44:44,377 INFO app.py:13 Starting Server...
2014-11-17 14:44:56,665 INFO app.py:13 Starting Server...
2014-11-17 14:47:46,708 INFO app.py:13 Starting Server...
2014-11-17 14:47:46,918 INFO app.py:13 Starting Server...
2014-11-17 14:48:46,759 INFO product_api.py:85 Recieved DELETE request for product ID: abcd42422
2014-11-17 14:48:46,760 ERROR product_api.py:93 Error while saving product ID abcd42422: global name 'product_name' is not defined
2014-11-17 14:49:05,503 INFO app.py:13 Starting Server...
2014-11-17 14:49:17,811 INFO app.py:13 Starting Server...
2014-11-17 14:49:22,052 INFO app.py:13 Starting Server...
2014-11-17 14:49:32,335 INFO app.py:13 Starting Server...
2014-11-17 14:49:34,836 INFO product_api.py:85 Recieved DELETE request for product ID: abcd42422
2014-11-17 14:49:34,836 INFO db_cache_mixin.py:71 Deleting product with ID abcd42422 from DB.
2014-11-17 14:49:34,836 ERROR product_api.py:91 Error while deleting product ID abcd42422: unbound method delete() must be called with ProductsDetails instance as first argument (got nothing instead)
2014-11-17 15:19:59,031 INFO app.py:13 Starting Server...
2014-11-17 15:19:59,221 INFO app.py:13 Starting Server...
2014-11-17 15:20:05,144 INFO product_api.py:85 Recieved DELETE request for product ID: abcd42422
2014-11-17 15:20:05,148 INFO db_cache_mixin.py:72 Deleting product with ID abcd42422 from DB.
2014-11-17 15:20:10,443 INFO product_api.py:34 Recieved GET request for product ID: abcd42422
2014-11-17 15:20:10,444 INFO db_cache_mixin.py:36 Fetching DB for product ID: abcd42422.
2014-11-17 15:20:10,447 ERROR product_api.py:39 No data found with product ID abcd42422.
2014-11-17 15:20:33,609 INFO app.py:13 Starting Server...
2014-11-17 15:20:34,891 INFO app.py:13 Starting Server...
2014-11-17 15:22:36,744 INFO app.py:13 Starting Server...
2014-11-17 15:22:51,047 INFO app.py:13 Starting Server...
2014-11-17 15:22:52,279 INFO app.py:13 Starting Server...
2014-11-17 15:23:17,624 INFO app.py:13 Starting Server...
2014-11-17 15:23:30,927 INFO app.py:13 Starting Server...
2014-11-17 15:26:45,171 INFO app.py:13 Starting Server...
2014-11-17 15:27:44,702 INFO app.py:13 Starting Server...
2014-11-17 15:27:53,218 INFO product_api.py:85 Recieved DELETE request for product ID: abcd42422
2014-11-17 15:27:53,222 ERROR product_api.py:90 No data found with product ID abcd42422.
2014-11-17 15:28:17,105 INFO app.py:13 Starting Server...
2014-11-17 15:28:22,476 INFO product_api.py:85 Recieved DELETE request for product ID: abcd42422
2014-11-17 15:28:22,477 ERROR product_api.py:97 Error while deleting product ID abcd42422: 
2014-11-17 15:28:30,423 INFO app.py:13 Starting Server...
2014-11-17 15:29:29,977 INFO app.py:13 Starting Server...
2014-11-17 15:29:32,224 INFO app.py:13 Starting Server...
2014-11-17 15:29:33,499 INFO app.py:13 Starting Server...
2014-11-17 15:29:39,761 INFO app.py:13 Starting Server...
2014-11-17 15:30:06,136 INFO app.py:13 Starting Server...
2014-11-17 15:31:46,876 INFO app.py:13 Starting Server...
2014-11-17 15:50:43,977 INFO app.py:13 Starting Server...
2014-11-17 15:50:44,177 INFO app.py:13 Starting Server...
2014-11-17 15:51:08,516 INFO app.py:13 Starting Server...
2014-11-17 15:52:51,787 INFO product_api.py:58 Recieved POST request for product ID: abcd42422
2014-11-17 15:52:51,788 INFO db_cache_mixin.py:55 Inserting product with ID abcd42422 in to DB.
2014-11-17 15:52:56,176 INFO product_api.py:34 Recieved GET request for product ID: abcd42422
2014-11-17 15:52:56,176 INFO db_cache_mixin.py:36 Fetching DB for product ID: abcd42422.
2014-11-17 15:53:04,823 INFO product_api.py:58 Recieved POST request for product ID: abcd42422
2014-11-17 15:53:04,824 INFO db_cache_mixin.py:55 Inserting product with ID abcd42422 in to DB.
2014-11-17 15:53:08,450 INFO product_api.py:34 Recieved GET request for product ID: abcd42422
2014-11-17 15:53:08,451 INFO db_cache_mixin.py:36 Fetching DB for product ID: abcd42422.
2014-11-17 15:53:16,599 INFO product_api.py:85 Recieved DELETE request for product ID: abcd42422
2014-11-17 15:53:16,603 INFO db_cache_mixin.py:72 Deleting product with ID abcd42422 from DB.
2014-11-17 15:53:21,046 INFO product_api.py:34 Recieved GET request for product ID: abcd42422
2014-11-17 15:53:21,047 INFO db_cache_mixin.py:36 Fetching DB for product ID: abcd42422.
2014-11-17 15:53:21,050 ERROR product_api.py:39 No data found with product ID abcd42422.
2014-11-17 17:58:20,110 INFO db_cache_mixin.py:36 Fetching DB for product ID: 1234.
2014-11-17 17:59:17,142 INFO db_cache_mixin.py:36 Fetching DB for product ID: 1234.
2014-11-17 17:59:26,941 INFO db_cache_mixin.py:36 Fetching DB for product ID: 1234.
2014-11-17 18:03:12,951 INFO db_cache_mixin.py:36 Fetching DB for product ID: 1234.
2014-11-17 18:12:16,612 INFO db_cache_mixin.py:36 Fetching DB for product ID: 1234.
2014-11-17 18:12:36,231 INFO db_cache_mixin.py:36 Fetching DB for product ID: 1234.
2014-11-17 18:13:03,880 INFO db_cache_mixin.py:36 Fetching DB for product ID: 1234.
2014-11-17 18:13:11,959 INFO db_cache_mixin.py:36 Fetching DB for product ID: 1234.
2014-11-17 18:13:26,104 INFO db_cache_mixin.py:36 Fetching DB for product ID: 1234.
2014-11-17 18:15:07,971 INFO db_cache_mixin.py:36 Fetching DB for product ID: 1234.
2014-11-17 18:15:24,742 INFO db_cache_mixin.py:36 Fetching DB for product ID: 1234.
2014-11-17 18:15:46,727 INFO db_cache_mixin.py:36 Fetching DB for product ID: 1234.
2014-11-17 18:20:50,118 INFO db_cache_mixin.py:36 Fetching DB for product ID: 1234.
2014-11-17 18:31:57,046 INFO db_cache_mixin.py:36 Fetching DB for product ID: 1234.
2014-11-17 19:11:59,752 INFO db_cache_mixin.py:36 Fetching DB for product ID: 1234.
2014-11-17 19:11:59,753 INFO db_cache_mixin.py:72 Deleting product with ID 1234 from DB.
2014-11-17 19:12:58,337 INFO app.py:13 Starting Server...
2014-11-17 19:12:58,548 INFO app.py:13 Starting Server...
2014-11-17 19:13:03,111 INFO product_api.py:34 Recieved GET request for product ID: abcd42422
2014-11-17 19:13:03,111 INFO db_cache_mixin.py:36 Fetching DB for product ID: abcd42422.
2014-11-17 19:13:03,115 ERROR product_api.py:39 No data found with product ID abcd42422.
2014-11-17 19:13:09,753 INFO product_api.py:58 Recieved POST request for product ID: abcd42422
2014-11-17 19:13:09,754 INFO db_cache_mixin.py:55 Inserting product with ID abcd42422 in to DB.
2014-11-17 19:13:18,854 INFO product_api.py:85 Recieved DELETE request for product ID: abcd42422
2014-11-17 19:13:18,858 INFO db_cache_mixin.py:73 Deleting product with ID abcd42422 from DB.
2014-11-17 19:13:55,432 INFO product_api.py:34 Recieved GET request for product ID: abcd42422
2014-11-17 19:13:55,433 INFO db_cache_mixin.py:36 Fetching DB for product ID: abcd42422.
2014-11-17 19:13:55,436 ERROR product_api.py:39 No data found with product ID abcd42422.
2014-11-17 19:13:58,994 INFO product_api.py:58 Recieved POST request for product ID: abcd42422
2014-11-17 19:13:58,995 INFO db_cache_mixin.py:55 Inserting product with ID abcd42422 in to DB.
2014-11-17 19:14:04,314 INFO product_api.py:34 Recieved GET request for product ID: abcd42422
2014-11-17 19:14:04,315 INFO db_cache_mixin.py:36 Fetching DB for product ID: abcd42422.
2014-11-17 19:14:16,905 INFO product_api.py:34 Recieved GET request for product ID: abcd42422
2014-11-17 19:14:41,428 INFO app.py:13 Starting Server...
2014-11-17 19:18:36,927 INFO db_cache_mixin.py:72 Deleting product with ID 1234 from DB.
2014-11-17 19:18:36,930 INFO db_cache_mixin.py:36 Fetching DB for product ID: 1234.
2014-11-17 19:22:22,299 INFO db_cache_mixin.py:36 Fetching DB for product ID: 1234.
2014-11-17 19:22:22,300 INFO db_cache_mixin.py:72 Deleting product with ID 1234 from DB.
2014-11-17 19:22:22,303 INFO db_cache_mixin.py:36 Fetching DB for product ID: 1234.
2014-11-17 19:27:31,119 INFO db_cache_mixin.py:72 Deleting product with ID 1234 from DB.
2014-11-17 19:27:31,122 INFO db_cache_mixin.py:36 Fetching DB for product ID: 1234.
2014-11-17 20:11:22,812 INFO db_cache_mixin.py:72 Deleting product with ID 1234 from DB.
2014-11-17 20:11:22,815 INFO db_cache_mixin.py:36 Fetching DB for product ID: 1234.
2014-11-17 20:11:33,855 INFO db_cache_mixin.py:55 Inserting product with ID 1234 in to DB.
2014-11-17 20:11:33,857 INFO db_cache_mixin.py:72 Deleting product with ID 1234 from DB.
2014-11-17 20:11:33,861 INFO db_cache_mixin.py:36 Fetching DB for product ID: 1234.
2014-11-17 20:11:56,691 INFO db_cache_mixin.py:55 Inserting product with ID 1234 in to DB.
2014-11-17 20:11:56,693 INFO db_cache_mixin.py:72 Deleting product with ID 1234 from DB.
2014-11-17 20:11:56,697 INFO db_cache_mixin.py:36 Fetching DB for product ID: 1234.
2014-11-17 20:14:02,834 INFO db_cache_mixin.py:55 Inserting product with ID 1234 in to DB.
2014-11-17 20:14:02,837 INFO db_cache_mixin.py:72 Deleting product with ID 1234 from DB.
2014-11-17 20:14:02,841 INFO db_cache_mixin.py:36 Fetching DB for product ID: 1234.
2014-11-17 20:17:25,449 INFO db_cache_mixin.py:55 Inserting product with ID 1234 in to DB.
2014-11-17 20:17:25,452 INFO db_cache_mixin.py:72 Deleting product with ID 1234 from DB.
2014-11-17 20:17:25,456 INFO db_cache_mixin.py:36 Fetching DB for product ID: 1234.
2014-11-17 20:21:14,596 INFO product_api.py:34 Recieved GET request for product ID: abcd42422
2014-11-17 20:24:54,354 INFO product_api.py:34 Recieved GET request for product ID: abcd42422
